The system is: Windows - 10.0.19043 - AMD64
Compiling the CXX compiler identification source file "CMakeCXXCompilerId.cpp" succeeded.
Compiler: D:/Microsoft Visual Studio/2019/Community/VC/Tools/MSVC/14.29.30133/bin/Hostx64/x64/cl.exe 
Build flags: 
Id flags:  

The output was:
0
用于 x64 的 Microsoft (R) C/C++ 优化编译器 19.29.30133 版
版权所有(C) Microsoft Corporation。保留所有权利。

CMakeCXXCompilerId.cpp
Microsoft (R) Incremental Linker Version 14.29.30133.0
Copyright (C) Microsoft Corporation.  All rights reserved.

/out:CMakeCXXCompilerId.exe 
CMakeCXXCompilerId.obj 


Compilation of the CXX compiler identification source "CMakeCXXCompilerId.cpp" produced "CMakeCXXCompilerId.exe"

Compilation of the CXX compiler identification source "CMakeCXXCompilerId.cpp" produced "CMakeCXXCompilerId.obj"

The CXX compiler identification is MSVC, found in "C:/Users/Mloong/Documents/GitHub/hw01/cmake-build-debug/CMakeFiles/3.20.2/CompilerIdCXX/CMakeCXXCompilerId.exe"

Determining if the CXX compiler works passed with the following output:
Change Dir: C:/Users/Mloong/Documents/GitHub/hw01/cmake-build-debug/CMakeFiles/CMakeTmp

Run Build Command(s):nmake -f Makefile /nologo cmTC_01a99\fast && 	"D:\Microsoft Visual Studio\2019\Community\VC\Tools\MSVC\14.29.30133\bin\HostX64\x64\nmake.exe"  -f CMakeFiles\cmTC_01a99.dir\build.make /nologo -L                  CMakeFiles\cmTC_01a99.dir\build
Building CXX object CMakeFiles/cmTC_01a99.dir/testCXXCompiler.cxx.obj
	"D:\CLion 2021.2.1\bin\cmake\win\bin\cmake.exe" -E cmake_cl_compile_depends --dep-file=CMakeFiles\cmTC_01a99.dir\testCXXCompiler.cxx.obj.d --working-dir=C:\Users\Mloong\Documents\GitHub\hw01\cmake-build-debug\CMakeFiles\CMakeTmp --filter-prefix="" -- "D:\Microsoft Visual Studio\2019\Community\VC\Tools\MSVC\14.29.30133\bin\Hostx64\x64\cl.exe" @C:\Users\Mloong\AppData\Local\Temp\nm3A3B.tmp
Linking CXX executable cmTC_01a99.exe
	"D:\CLion 2021.2.1\bin\cmake\win\bin\cmake.exe" -E vs_link_exe --intdir=CMakeFiles\cmTC_01a99.dir --rc="D:\Windows Kits\10\bin\10.0.19041.0\x64\rc.exe" --mt="D:\Windows Kits\10\bin\10.0.19041.0\x64\mt.exe" --manifests -- "D:\Microsoft Visual Studio\2019\Community\VC\Tools\MSVC\14.29.30133\bin\Hostx64\x64\link.exe" /nologo @CMakeFiles\cmTC_01a99.dir\objects1.rsp @C:\Users\Mloong\AppData\Local\Temp\nm3AE8.tmp



